<?xml version="1.0" encoding="UTF-8"?>
<testng-results ignored="0" total="1" passed="1" failed="0" skipped="0">
  <reporter-output>
  </reporter-output>
  <suite started-at="2025-07-08T16:24:04 IST" name="Surefire suite" finished-at="2025-07-08T16:24:10 IST" duration-ms="6740">
    <groups>
    </groups>
    <test started-at="2025-07-08T16:24:04 IST" name="Surefire test" finished-at="2025-07-08T16:24:10 IST" duration-ms="6740">
      <class name="Demo.Demo.TestDemo">
        <test-method signature="demo()[pri:0, instance:Demo.Demo.TestDemo@18ce0030]" started-at="2025-07-08T16:24:04 IST" name="demo" finished-at="2025-07-08T16:24:10 IST" duration-ms="6703" status="PASS">
          <reporter-output>
          </reporter-output>
        </test-method> <!-- demo -->
      </class> <!-- Demo.Demo.TestDemo -->
    </test> <!-- Surefire test -->
  </suite> <!-- Surefire suite -->
</testng-results>
