<?xml version="1.0" encoding="UTF-8"?>
<testng-results ignored="0" total="1" passed="1" failed="0" skipped="0">
  <reporter-output>
  </reporter-output>
  <suite started-at="2025-07-08T12:09:09 IST" name="Default suite" finished-at="2025-07-08T12:09:13 IST" duration-ms="4334">
    <groups>
    </groups>
    <test started-at="2025-07-08T12:09:09 IST" name="Default test" finished-at="2025-07-08T12:09:13 IST" duration-ms="4334">
      <class name="Demo.Demo.TestDemo">
        <test-method signature="demo()[pri:0, instance:Demo.Demo.TestDemo@692f203f]" started-at="2025-07-08T12:09:09 IST" name="demo" finished-at="2025-07-08T12:09:13 IST" duration-ms="4302" status="PASS">
          <reporter-output>
          </reporter-output>
        </test-method> <!-- demo -->
      </class> <!-- Demo.Demo.TestDemo -->
    </test> <!-- Default test -->
  </suite> <!-- Default suite -->
</testng-results>
